proguard/seeds.txt
com.startapp.android.publish.gson.internal.bind.DateTypeAdapter$1
com.startapp.android.publish.gson.internal.bind.DateTypeAdapter$1: DateTypeAdapter$1()
com.startapp.android.publish.gson.internal.bind.DateTypeAdapter$1: com.startapp.android.publish.gson.TypeAdapter create(com.startapp.android.publish.gson.Gson,com.startapp.android.publish.gson.reflect.TypeToken)
com.startapp.android.publish.gson.internal.bind.JsonTreeReader
com.startapp.android.publish.gson.internal.bind.JsonTreeReader: java.io.Reader UNREADABLE_READER
com.startapp.android.publish.gson.internal.bind.JsonTreeReader: java.lang.Object SENTINEL_CLOSED
com.startapp.android.publish.gson.internal.bind.JsonTreeReader: java.util.List stack
com.startapp.android.publish.gson.internal.bind.JsonTreeReader: JsonTreeReader(com.startapp.android.publish.gson.JsonElement)
com.startapp.android.publish.gson.internal.bind.JsonTreeReader: void beginArray()
com.startapp.android.publish.gson.internal.bind.JsonTreeReader: void endArray()
com.startapp.android.publish.gson.internal.bind.JsonTreeReader: void beginObject()
com.startapp.android.publish.gson.internal.bind.JsonTreeReader: void endObject()
com.startapp.android.publish.gson.internal.bind.JsonTreeReader: boolean hasNext()
com.startapp.android.publish.gson.internal.bind.JsonTreeReader: com.startapp.android.publish.gson.stream.JsonToken peek()
com.startapp.android.publish.gson.internal.bind.JsonTreeReader: java.lang.Object peekStack()
com.startapp.android.publish.gson.internal.bind.JsonTreeReader: java.lang.Object popStack()
com.startapp.android.publish.gson.internal.bind.JsonTreeReader: void expect(com.startapp.android.publish.gson.stream.JsonToken)
com.startapp.android.publish.gson.internal.bind.JsonTreeReader: java.lang.String nextName()
com.startapp.android.publish.gson.internal.bind.JsonTreeReader$1
com.startapp.android.publish.gson.internal.bind.JsonTreeReader$1: JsonTreeReader$1()
com.startapp.android.publish.gson.internal.bind.JsonTreeReader$1: int read(char[],int,int)
com.startapp.android.publish.gson.internal.bind.JsonTreeReader$1: void close()
com.startapp.android.publish.gson.internal.bind.JsonTreeWriter
com.startapp.android.publish.gson.internal.bind.JsonTreeWriter: java.io.Writer UNWRITABLE_WRITER
com.startapp.android.publish.gson.internal.bind.JsonTreeWriter: com.startapp.android.publish.gson.JsonPrimitive SENTINEL_CLOSED
com.startapp.android.publish.gson.internal.bind.JsonTreeWriter: java.util.List stack
com.startapp.android.publish.gson.internal.bind.JsonTreeWriter: java.lang.String pendingName
com.startapp.android.publish.gson.internal.bind.JsonTreeWriter: com.startapp.android.publish.gson.JsonElement product
com.startapp.android.publish.gson.internal.bind.JsonTreeWriter: JsonTreeWriter()
com.startapp.android.publish.gson.internal.bind.JsonTreeWriter: com.startapp.android.publish.gson.JsonElement get()
com.startapp.android.publish.gson.internal.bind.JsonTreeWriter: com.startapp.android.publish.gson.JsonElement peek()
com.startapp.android.publish.gson.internal.bind.JsonTreeWriter: void put(com.startapp.android.publish.gson.JsonElement)
com.startapp.android.publish.gson.internal.bind.JsonTreeWriter: com.startapp.android.publish.gson.stream.JsonWriter beginArray()
com.startapp.android.publish.gson.internal.bind.JsonTreeWriter: com.startapp.android.publish.gson.stream.JsonWriter endArray()
com.startapp.android.publish.gson.internal.bind.JsonTreeWriter: com.startapp.android.publish.gson.stream.JsonWriter beginObject()
com.startapp.android.publish.gson.internal.bind.JsonTreeWriter$1
com.startapp.android.publish.gson.internal.bind.JsonTreeWriter$1: JsonTreeWriter$1()
com.startapp.android.publish.gson.internal.bind.JsonTreeWriter$1: void write(char[],int,int)
com.startapp.android.publish.gson.internal.bind.JsonTreeWriter$1: void flush()
com.startapp.android.publish.gson.internal.bind.JsonTreeWriter$1: void close()