proguard/mapping.txt
com.startapp.android.publish.list3d.List3DActivity$3 -> com.startapp.android.publish.list3d.List3DActivity$3:
    com.startapp.android.publish.list3d.List3DActivity a -> a
    void onClick(android.view.View) -> onClick
com.startapp.android.publish.list3d.List3DActivity$4 -> com.startapp.android.publish.list3d.List3DActivity$4:
    com.startapp.android.publish.list3d.List3DActivity a -> a
    void run() -> run
com.startapp.android.publish.list3d.ListItem -> com.startapp.android.publish.list3d.ListItem:
    java.lang.String a -> a
    java.lang.String b -> b
    java.lang.String c -> c
    java.lang.String d -> d
    java.lang.String e -> e
    java.lang.String f -> f
    float g -> g
    boolean h -> h
    android.graphics.drawable.Drawable i -> i
    java.lang.String j -> j
    java.lang.String k -> k
    java.lang.String l -> l
    android.os.Parcelable$Creator CREATOR -> CREATOR
    java.lang.String a() -> a
    java.lang.String b() -> b
    java.lang.String c() -> c
    java.lang.String d() -> d
    java.lang.String e() -> e
    java.lang.String f() -> f
    android.graphics.drawable.Drawable g() -> g
    float h() -> h
    boolean i() -> i
    java.lang.String j() -> j
    java.lang.String k() -> k
    java.lang.String l() -> l
    boolean m() -> m
    int describeContents() -> describeContents
    void writeToParcel(android.os.Parcel,int) -> writeToParcel
com.startapp.android.publish.list3d.ListItem$1 -> com.startapp.android.publish.list3d.ListItem$1:
    com.startapp.android.publish.list3d.ListItem a(android.os.Parcel) -> a
    com.startapp.android.publish.list3d.ListItem[] a(int) -> a
    java.lang.Object[] newArray(int) -> newArray
    java.lang.Object createFromParcel(android.os.Parcel) -> createFromParcel
com.startapp.android.publish.list3d.SimpleDynamics -> com.startapp.android.publish.list3d.SimpleDynamics:
    float f -> f
    float g -> g
    android.os.Parcelable$Creator CREATOR -> CREATOR
    void a(int) -> a
    int describeContents() -> describeContents
    void writeToParcel(android.os.Parcel,int) -> writeToParcel
    void a(double) -> a
    java.lang.String toString() -> toString
com.startapp.android.publish.list3d.SimpleDynamics$1 -> com.startapp.android.publish.list3d.SimpleDynamics$1:
    com.startapp.android.publish.list3d.SimpleDynamics a(android.os.Parcel) -> a
    com.startapp.android.publish.list3d.SimpleDynamics[] a(int) -> a
    java.lang.Object[] newArray(int) -> newArray
    java.lang.Object createFromParcel(android.os.Parcel) -> createFromParcel
com.startapp.android.publish.list3d.a -> com.startapp.android.publish.list3d.a:
    java.util.HashSet a -> a
    java.util.Hashtable b -> b
    java.util.Set c -> c
    com.startapp.android.publish.list3d.f d -> d
    int e -> e
    java.util.concurrent.ConcurrentLinkedQueue f -> f
    void a(com.startapp.android.publish.list3d.f,boolean) -> a
    void a() -> a
    void a(android.content.Context,java.lang.String,java.lang.String) -> a
    android.graphics.Bitmap a(int,java.lang.String,java.lang.String) -> a
    void b() -> b
com.startapp.android.publish.list3d.a$a -> com.startapp.android.publish.list3d.a$a:
    int a -> a
    java.lang.String b -> b
    java.lang.String c -> c
    com.startapp.android.publish.list3d.a d -> d
    android.graphics.Bitmap a(java.lang.Void[]) -> a
    void a(android.graphics.Bitmap) -> a
    void onPostExecute(java.lang.Object) -> onPostExecute
    java.lang.Object doInBackground(java.lang.Object[]) -> doInBackground
com.startapp.android.publish.list3d.a$b -> com.startapp.android.publish.list3d.a$b:
    int a -> a
    java.lang.String b -> b
    java.lang.String c -> c
    com.startapp.android.publish.list3d.a d -> d
com.startapp.android.publish.list3d.b -> com.startapp.android.publish.list3d.b:
    android.view.View getView(int,android.view.View,android.view.ViewGroup) -> getView