proguard/usage.txt
com.lidroid.xutils.bitmap.BitmapGlobalConfig
com.lidroid.xutils.bitmap.BitmapGlobalConfig$BitmapCacheManagementTask
com.lidroid.xutils.bitmap.PauseOnScrollListener
com.lidroid.xutils.bitmap.callback.BitmapLoadCallBack
com.lidroid.xutils.bitmap.callback.BitmapLoadFrom
com.lidroid.xutils.bitmap.callback.BitmapSetter
com.lidroid.xutils.bitmap.callback.DefaultBitmapLoadCallBack
com.lidroid.xutils.bitmap.core.AsyncDrawable
com.lidroid.xutils.bitmap.core.BitmapCache
com.lidroid.xutils.bitmap.core.BitmapCache$1
com.lidroid.xutils.bitmap.core.BitmapCache$BitmapMeta
com.lidroid.xutils.bitmap.core.BitmapCache$MemoryCacheKey
com.lidroid.xutils.bitmap.core.BitmapDecoder
com.lidroid.xutils.bitmap.core.BitmapSize
com.lidroid.xutils.bitmap.download.DefaultDownloader
com.lidroid.xutils.bitmap.download.Downloader
com.lidroid.xutils.bitmap.factory.BitmapFactory
com.lidroid.xutils.cache.FileNameGenerator
com.lidroid.xutils.cache.KeyExpiryMap:
    private static final long serialVersionUID
    private static final int DEFAULT_CONCURRENCY_LEVEL
    35:36:public KeyExpiryMap(int,float,int)
    43:44:public KeyExpiryMap(int)
com.lidroid.xutils.cache.LruDiskCache
com.lidroid.xutils.cache.LruDiskCache$1
com.lidroid.xutils.cache.LruDiskCache$2
com.lidroid.xutils.cache.LruDiskCache$Editor
com.lidroid.xutils.cache.LruDiskCache$Editor$FaultHidingOutputStream
com.lidroid.xutils.cache.LruDiskCache$Entry
com.lidroid.xutils.cache.LruDiskCache$Snapshot
com.lidroid.xutils.cache.LruDiskCache$StrictLineReader
com.lidroid.xutils.cache.LruDiskCache$StrictLineReader$1
com.lidroid.xutils.cache.LruMemoryCache:
    57:59:public void setMaxSize(int)
    129:129:public final java.lang.Object put(java.lang.Object,java.lang.Object)
    215:215:public final boolean containsKey(java.lang.Object)
    281:283:public final void evictAll()
    291:291:public final synchronized int size()
    300:300:public final synchronized int maxSize()
    307:307:public final synchronized int hitCount()
    315:315:public final synchronized int missCount()
    322:322:public final synchronized int createCount()
    329:329:public final synchronized int putCount()
    336:336:public final synchronized int evictionCount()
    344:344:public final synchronized java.util.Map snapshot()
com.lidroid.xutils.cache.MD5FileNameGenerator
com.lidroid.xutils.db.annotation.Check
com.lidroid.xutils.db.annotation.Column
com.lidroid.xutils.db.annotation.Finder
com.lidroid.xutils.db.annotation.Foreign
com.lidroid.xutils.db.annotation.Id
com.lidroid.xutils.db.annotation.NoAutoIncrement
com.lidroid.xutils.db.annotation.NotNull
com.lidroid.xutils.db.annotation.Table
com.lidroid.xutils.db.annotation.Transient
com.lidroid.xutils.db.annotation.Unique
com.lidroid.xutils.db.converter.BooleanColumnConverter
com.lidroid.xutils.db.converter.ByteArrayColumnConverter
com.lidroid.xutils.db.converter.ByteColumnConverter
com.lidroid.xutils.db.converter.CharColumnConverter
com.lidroid.xutils.db.converter.ColumnConverter
com.lidroid.xutils.db.converter.ColumnConverterFactory
com.lidroid.xutils.db.converter.DateColumnConverter
com.lidroid.xutils.db.converter.DoubleColumnConverter
com.lidroid.xutils.db.converter.FloatColumnConverter
com.lidroid.xutils.db.converter.IntegerColumnConverter
com.lidroid.xutils.db.converter.LongColumnConverter
com.lidroid.xutils.db.converter.ShortColumnConverter
com.lidroid.xutils.db.converter.SqlDateColumnConverter
com.lidroid.xutils.db.converter.StringColumnConverter
com.lidroid.xutils.db.sqlite.ColumnDbType
com.lidroid.xutils.db.sqlite.CursorUtils
com.lidroid.xutils.db.sqlite.CursorUtils$EntityTempCache
com.lidroid.xutils.db.sqlite.CursorUtils$FindCacheSequence
com.lidroid.xutils.db.sqlite.DbModelSelector
com.lidroid.xutils.db.sqlite.FinderLazyLoader
com.lidroid.xutils.db.sqlite.ForeignLazyLoader
com.lidroid.xutils.db.sqlite.Selector
com.lidroid.xutils.db.sqlite.Selector$OrderBy
com.lidroid.xutils.db.sqlite.SqlInfo